TN:
SF:/Users/brendanlacroix/repos/polish-css/lib/polish.js
FN:11,(anonymous_1)
FNF:1
FNH:1
FNDA:9,(anonymous_1)
DA:5,1
DA:11,1
DA:12,9
DA:16,9
DA:17,1
DA:20,8
DA:21,1
DA:24,7
DA:26,7
DA:28,7
DA:31,1
DA:32,1
DA:33,1
LF:13
LH:13
BRDA:16,1,0,1
BRDA:16,1,1,8
BRDA:16,2,0,9
BRDA:16,2,1,1
BRDA:20,3,0,1
BRDA:20,3,1,7
BRF:6
BRH:6
end_of_record
TN:
SF:/Users/brendanlacroix/repos/polish-css/lib/polish-get-plugins.js
FN:5,getPluginDirectory
FN:22,(anonymous_2)
FN:32,getPluginModules
FN:35,(anonymous_4)
FN:53,getPlugins
FN:65,(anonymous_6)
FNF:6
FNH:4
FNDA:0,getPluginDirectory
FNDA:0,(anonymous_2)
FNDA:7,getPluginModules
FNDA:13,(anonymous_4)
FNDA:7,getPlugins
FNDA:2,(anonymous_6)
DA:1,1
DA:2,1
DA:3,1
DA:5,1
DA:6,0
DA:9,0
DA:11,0
DA:13,0
DA:14,0
DA:16,0
DA:22,0
DA:23,0
DA:24,0
DA:25,0
DA:29,0
DA:32,1
DA:33,7
DA:35,7
DA:36,13
DA:37,0
DA:40,13
DA:44,13
DA:45,13
DA:46,13
DA:50,7
DA:53,1
DA:54,7
DA:56,7
DA:57,7
DA:60,7
DA:61,0
DA:64,7
DA:65,2
DA:66,2
DA:71,7
DA:72,0
DA:75,7
LF:37
LH:23
BRDA:13,1,0,0
BRDA:13,1,1,0
BRDA:23,2,0,0
BRDA:23,2,1,0
BRDA:23,3,0,0
BRDA:23,3,1,0
BRDA:23,3,2,0
BRDA:36,4,0,0
BRDA:36,4,1,13
BRDA:44,5,0,13
BRDA:44,5,1,0
BRDA:44,6,0,13
BRDA:44,6,1,13
BRDA:44,6,2,13
BRDA:56,7,0,7
BRDA:56,7,1,0
BRDA:60,8,0,0
BRDA:60,8,1,7
BRDA:64,9,0,2
BRDA:64,9,1,5
BRDA:71,10,0,0
BRDA:71,10,1,7
BRF:22
BRH:10
end_of_record
TN:
SF:/Users/brendanlacroix/repos/polish-css/lib/polish-process-stylesheet.js
FN:5,parseCommentRules
FN:7,(anonymous_2)
FN:16,readComment
FN:40,processStylesheet
FN:53,(anonymous_5)
FNF:5
FNH:5
FNDA:2,parseCommentRules
FNDA:2,(anonymous_2)
FNDA:18,readComment
FNDA:10,processStylesheet
FNDA:18,(anonymous_5)
DA:1,1
DA:2,1
DA:3,1
DA:5,1
DA:6,2
DA:7,2
DA:8,2
DA:9,2
DA:10,2
DA:12,2
DA:13,2
DA:16,1
DA:17,18
DA:18,16
DA:21,2
DA:24,2
DA:27,2
DA:28,4
DA:29,2
DA:32,4
DA:35,2
DA:36,2
DA:40,1
DA:41,10
DA:44,10
DA:45,1
DA:48,9
DA:53,9
DA:54,18
DA:57,9
LF:30
LH:30
BRDA:9,1,0,2
BRDA:9,1,1,0
BRDA:17,2,0,16
BRDA:17,2,1,2
BRDA:27,3,0,6
BRDA:27,3,1,4
BRDA:28,4,0,2
BRDA:28,4,1,2
BRDA:35,5,0,2
BRDA:35,5,1,0
BRDA:44,6,0,1
BRDA:44,6,1,9
BRF:12
BRH:10
end_of_record
TN:
SF:/Users/brendanlacroix/repos/polish-css/lib/polish-test-file.js
FN:4,(anonymous_1)
FN:7,(anonymous_2)
FN:15,(anonymous_3)
FN:25,(anonymous_4)
FNF:4
FNH:4
FNDA:7,(anonymous_1)
FNDA:11,(anonymous_2)
FNDA:11,(anonymous_3)
FNDA:10,(anonymous_4)
DA:1,1
DA:2,1
DA:4,1
DA:5,7
DA:7,7
DA:8,11
DA:10,11
DA:11,2
DA:15,9
DA:16,11
DA:17,10
DA:20,1
DA:21,1
DA:25,9
DA:26,10
DA:34,7
LF:16
LH:16
BRDA:10,1,0,2
BRDA:10,1,1,9
BRDA:10,2,0,11
BRDA:10,2,1,11
BRDA:10,2,2,9
BRDA:16,3,0,10
BRDA:16,3,1,1
BRDA:16,4,0,11
BRDA:16,4,1,10
BRDA:20,5,0,1
BRDA:20,5,1,0
BRDA:34,6,0,7
BRDA:34,6,1,0
BRF:13
BRH:11
end_of_record
TN:
SF:/Users/brendanlacroix/repos/polish-css/lib/polish-error-reporter.js
FN:8,printErrors
FN:17,(anonymous_2)
FN:25,(anonymous_3)
FN:44,(anonymous_4)
FNF:4
FNH:4
FNDA:4,printErrors
FNDA:6,(anonymous_2)
FNDA:1,(anonymous_3)
FNDA:5,(anonymous_4)
DA:1,1
DA:6,1
DA:8,1
DA:9,4
DA:10,1
DA:13,3
DA:17,3
DA:18,6
DA:19,5
DA:21,1
DA:25,3
DA:26,1
DA:28,1
DA:29,1
DA:31,0
DA:34,1
DA:41,1
DA:44,3
DA:45,5
DA:48,5
DA:49,5
DA:51,5
DA:52,0
DA:54,5
DA:57,5
DA:58,0
DA:59,0
DA:62,5
DA:71,5
DA:74,3
DA:76,3
LF:31
LH:27
BRDA:9,1,0,1
BRDA:9,1,1,3
BRDA:9,2,0,4
BRDA:9,2,1,4
BRDA:18,3,0,5
BRDA:18,3,1,1
BRDA:28,4,0,1
BRDA:28,4,1,0
BRDA:51,5,0,0
BRDA:51,5,1,5
BRDA:57,6,0,0
BRDA:57,6,1,5
BRF:12
BRH:9
end_of_record
TN:
SF:/Users/brendanlacroix/repos/polish-css/lib/polish-ast-helpers.js
FN:1,(anonymous_1)
FNF:1
FNH:0
FNDA:0,(anonymous_1)
DA:1,1
DA:2,0
DA:4,0
DA:5,0
DA:7,0
DA:10,0
DA:11,0
DA:13,0
LF:8
LH:1
BRDA:4,1,0,0
BRDA:4,1,1,0
BRF:2
BRH:0
end_of_record
